#
# There is insufficient memory for the Java Runtime Environment to continue.
# Native memory allocation (malloc) failed to allocate 287856 bytes for Chunk::new
# Possible reasons:
#   The system is out of physical RAM or swap space
#   In 32 bit mode, the process size limit was hit
# Possible solutions:
#   Reduce memory load on the system
#   Increase physical memory or swap space
#   Check if swap backing store is full
#   Use 64 bit Java on a 64 bit OS
#   Decrease Java heap size (-Xmx/-Xms)
#   Decrease number of Java threads
#   Decrease Java thread stack sizes (-Xss)
#   Set larger code cache with -XX:ReservedCodeCacheSize=
# This output file may be truncated or incomplete.
#
#  Out of Memory Error (allocation.cpp:390), pid=6040, tid=9164
#
# JRE version: Java(TM) SE Runtime Environment (8.0_20-b26) (build 1.8.0_20-b26)
# Java VM: Java HotSpot(TM) 64-Bit Server VM (25.20-b23 mixed mode windows-amd64 compressed oops)
# Failed to write core dump. Minidumps are not enabled by default on client versions of Windows
#

---------------  T H R E A D  ---------------

Current thread (0x0000000015257000):  JavaThread "C2 CompilerThread0" daemon [_thread_in_native, id=9164, stack(0x0000000016750000,0x0000000016850000)]

Stack: [0x0000000016750000,0x0000000016850000]
Native frames: (J=compiled Java code, j=interpreted, Vv=VM code, C=native code)
V  [jvm.dll+0x3152fa]


Current CompileTask:
C2:   4138  235       4       java.math.BigInteger::<init> (404 bytes)


---------------  P R O C E S S  ---------------

Java Threads: ( => current thread )
  0x000000001689f800 JavaThread "Service Thread" daemon [_thread_blocked, id=5580, stack(0x0000000016e50000,0x0000000016f50000)]
  0x0000000016899000 JavaThread "C1 CompilerThread2" daemon [_thread_blocked, id=4300, stack(0x0000000016d50000,0x0000000016e50000)]
  0x0000000016895000 JavaThread "C2 CompilerThread1" daemon [_thread_in_native, id=4136, stack(0x0000000016c50000,0x0000000016d50000)]
=>0x0000000015257000 JavaThread "C2 CompilerThread0" daemon [_thread_in_native, id=9164, stack(0x0000000016750000,0x0000000016850000)]
  0x0000000015256000 JavaThread "Attach Listener" daemon [_thread_blocked, id=8756, stack(0x0000000016650000,0x0000000016750000)]
  0x0000000015255800 JavaThread "Signal Dispatcher" daemon [_thread_blocked, id=8440, stack(0x0000000016550000,0x0000000016650000)]
  0x0000000002bf2000 JavaThread "Finalizer" daemon [_thread_blocked, id=952, stack(0x0000000016450000,0x0000000016550000)]
  0x0000000002be8800 JavaThread "Reference Handler" daemon [_thread_blocked, id=8752, stack(0x0000000016350000,0x0000000016450000)]
  0x0000000002b00800 JavaThread "main" [_thread_in_Java, id=6344, stack(0x00000000029d0000,0x0000000002ad0000)]

Other Threads:
  0x00000000151c5800 VMThread [stack: 0x0000000016250000,0x0000000016350000] [id=8772]
  0x00000000168a0800 WatcherThread [stack: 0x0000000016f50000,0x0000000017050000] [id=7876]

VM state:not at safepoint (normal execution)

VM Mutex/Monitor currently owned by a thread: None

Heap:
 PSYoungGen      total 296960K, used 61063K [0x00000000eb200000, 0x0000000100000000, 0x0000000100000000)
  eden space 265216K, 16% used [0x00000000eb200000,0x00000000edd32118,0x00000000fb500000)
  from space 31744K, 53% used [0x00000000fe100000,0x00000000ff16fdc8,0x0000000100000000)
  to   space 38400K, 0% used [0x00000000fb500000,0x00000000fb500000,0x00000000fda80000)
 ParOldGen       total 83456K, used 82822K [0x00000000c1600000, 0x00000000c6780000, 0x00000000eb200000)
  object space 83456K, 99% used [0x00000000c1600000,0x00000000c66e19d0,0x00000000c6780000)
 Metaspace       used 2836K, capacity 4566K, committed 4864K, reserved 1056768K
  class space    used 294K, capacity 390K, committed 512K, reserved 1048576K

Card table byte_map: [0x0000000011fc0000,0x00000000121c0000] byte_map_base: 0x00000000119b5000

Marking Bits: (ParMarkBitMap*) 0x000000005650b460
 Begin Bits: [0x0000000012710000, 0x00000000136b8000)
 End Bits:   [0x00000000136b8000, 0x0000000014660000)

Polling page: 0x0000000002660000

CodeCache: size=245760Kb used=1778Kb max_used=1790Kb free=243982Kb
 bounds [0x0000000002c00000, 0x0000000002e70000, 0x0000000011c00000]
 total_blobs=487 nmethods=234 adapters=167
 compilation: enabled

Compilation events (10 events):
Event: 4.108 Thread 0x0000000016895000 nmethod 228 0x0000000002dbfa90 code [0x0000000002dbfbe0, 0x0000000002dc0118]
Event: 4.108 Thread 0x0000000016895000  231       4       java.lang.Integer::getChars (131 bytes)
Event: 4.111 Thread 0x0000000015257000 nmethod 230 0x0000000002dc0550 code [0x0000000002dc06c0, 0x0000000002dc0cc8]
Event: 4.111 Thread 0x0000000015257000  234       4       java.math.BigInteger::<init> (8 bytes)
Event: 4.112 Thread 0x0000000015257000 nmethod 234 0x0000000002dbcb90 code [0x0000000002dbcce0, 0x0000000002dbcd68]
Event: 4.112 Thread 0x0000000015257000  232       4       java.math.BigInteger::trustedStripLeadingZeroInts (37 bytes)
Event: 4.113 Thread 0x0000000015257000 nmethod 232 0x0000000002dbc890 code [0x0000000002dbc9e0, 0x0000000002dbcaa8]
Event: 4.114 Thread 0x0000000015257000  235       4       java.math.BigInteger::<init> (404 bytes)
Event: 4.117 Thread 0x0000000016895000 nmethod 231 0x0000000002dba810 code [0x0000000002dba960, 0x0000000002dbae58]
Event: 4.117 Thread 0x0000000016895000  236       4       java.math.BigInteger::multiply (188 bytes)

GC Heap History (10 events):
Event: 1.932 GC heap before
{Heap before GC invocations=10 (full 0):
 PSYoungGen      total 272896K, used 272893K [0x00000000eb200000, 0x0000000100000000, 0x0000000100000000)
  eden space 256512K, 100% used [0x00000000eb200000,0x00000000fac80000,0x00000000fac80000)
  from space 16384K, 99% used [0x00000000fac80000,0x00000000fbc7f410,0x00000000fbc80000)
  to   space 24576K, 0% used [0x00000000fe800000,0x00000000fe800000,0x0000000100000000)
 ParOldGen       total 44032K, used 32502K [0x00000000c1600000, 0x00000000c4100000, 0x00000000eb200000)
  object space 44032K, 73% used [0x00000000c1600000,0x00000000c35bd828,0x00000000c4100000)
 Metaspace       used 2641K, capacity 4564K, committed 4864K, reserved 1056768K
  class space    used 283K, capacity 388K, committed 512K, reserved 1048576K
Event: 1.974 GC heap after
Heap after GC invocations=10 (full 0):
 PSYoungGen      total 304128K, used 24573K [0x00000000eb200000, 0x0000000100000000, 0x0000000100000000)
  eden space 279552K, 0% used [0x00000000eb200000,0x00000000eb200000,0x00000000fc300000)
  from space 24576K, 99% used [0x00000000fe800000,0x00000000fffff708,0x0000000100000000)
  to   space 31232K, 0% used [0x00000000fc300000,0x00000000fc300000,0x00000000fe180000)
 ParOldGen       total 44032K, used 40595K [0x00000000c1600000, 0x00000000c4100000, 0x00000000eb200000)
  object space 44032K, 92% used [0x00000000c1600000,0x00000000c3da4c20,0x00000000c4100000)
 Metaspace       used 2641K, capacity 4564K, committed 4864K, reserved 1056768K
  class space    used 283K, capacity 388K, committed 512K, reserved 1048576K
}
Event: 1.974 GC heap before
{Heap before GC invocations=11 (full 1):
 PSYoungGen      total 304128K, used 24573K [0x00000000eb200000, 0x0000000100000000, 0x0000000100000000)
  eden space 279552K, 0% used [0x00000000eb200000,0x00000000eb200000,0x00000000fc300000)
  from space 24576K, 99% used [0x00000000fe800000,0x00000000fffff708,0x0000000100000000)
  to   space 31232K, 0% used [0x00000000fc300000,0x00000000fc300000,0x00000000fe180000)
 ParOldGen       total 44032K, used 40595K [0x00000000c1600000, 0x00000000c4100000, 0x00000000eb200000)
  object space 44032K, 92% used [0x00000000c1600000,0x00000000c3da4c20,0x00000000c4100000)
 Metaspace       used 2641K, capacity 4564K, committed 4864K, reserved 1056768K
  class space    used 283K, capacity 388K, committed 512K, reserved 1048576K
Event: 2.565 GC heap after
Heap after GC invocations=11 (full 1):
 PSYoungGen      total 304128K, used 20949K [0x00000000eb200000, 0x0000000100000000, 0x0000000100000000)
  eden space 279552K, 0% used [0x00000000eb200000,0x00000000eb200000,0x00000000fc300000)
  from space 24576K, 85% used [0x00000000fe800000,0x00000000ffc757f8,0x0000000100000000)
  to   space 31232K, 0% used [0x00000000fc300000,0x00000000fc300000,0x00000000fe180000)
 ParOldGen       total 83456K, used 43685K [0x00000000c1600000, 0x00000000c6780000, 0x00000000eb200000)
  object space 83456K, 52% used [0x00000000c1600000,0x00000000c40a95b0,0x00000000c6780000)
 Metaspace       used 2641K, capacity 4564K, committed 4864K, reserved 1056768K
  class space    used 283K, capacity 388K, committed 512K, reserved 1048576K
}
Event: 2.940 GC heap before
{Heap before GC invocations=12 (full 1):
 PSYoungGen      total 304128K, used 300501K [0x00000000eb200000, 0x0000000100000000, 0x0000000100000000)
  eden space 279552K, 100% used [0x00000000eb200000,0x00000000fc300000,0x00000000fc300000)
  from space 24576K, 85% used [0x00000000fe800000,0x00000000ffc757f8,0x0000000100000000)
  to   space 31232K, 0% used [0x00000000fc300000,0x00000000fc300000,0x00000000fe180000)
 ParOldGen       total 83456K, used 43685K [0x00000000c1600000, 0x00000000c6780000, 0x00000000eb200000)
  object space 83456K, 52% used [0x00000000c1600000,0x00000000c40a95b0,0x00000000c6780000)
 Metaspace       used 2641K, capacity 4564K, committed 4864K, reserved 1056768K
  class space    used 283K, capacity 388K, committed 512K, reserved 1048576K
Event: 3.002 GC heap after
Heap after GC invocations=12 (full 1):
 PSYoungGen      total 297984K, used 18225K [0x00000000eb200000, 0x0000000100000000, 0x0000000100000000)
  eden space 279552K, 0% used [0x00000000eb200000,0x00000000eb200000,0x00000000fc300000)
  from space 18432K, 98% used [0x00000000fc300000,0x00000000fd4cc4f8,0x00000000fd500000)
  to   space 31744K, 0% used [0x00000000fe100000,0x00000000fe100000,0x0000000100000000)
 ParOldGen       total 83456K, used 64395K [0x00000000c1600000, 0x00000000c6780000, 0x00000000eb200000)
  object space 83456K, 77% used [0x00000000c1600000,0x00000000c54e2d28,0x00000000c6780000)
 Metaspace       used 2641K, capacity 4564K, committed 4864K, reserved 1056768K
  class space    used 283K, capacity 388K, committed 512K, reserved 1048576K
}
Event: 3.346 GC heap before
{Heap before GC invocations=13 (full 1):
 PSYoungGen      total 297984K, used 297777K [0x00000000eb200000, 0x0000000100000000, 0x0000000100000000)
  eden space 279552K, 100% used [0x00000000eb200000,0x00000000fc300000,0x00000000fc300000)
  from space 18432K, 98% used [0x00000000fc300000,0x00000000fd4cc4f8,0x00000000fd500000)
  to   space 31744K, 0% used [0x00000000fe100000,0x00000000fe100000,0x0000000100000000)
 ParOldGen       total 83456K, used 64395K [0x00000000c1600000, 0x00000000c6780000, 0x00000000eb200000)
  object space 83456K, 77% used [0x00000000c1600000,0x00000000c54e2d28,0x00000000c6780000)
 Metaspace       used 2641K, capacity 4564K, committed 4864K, reserved 1056768K
  class space    used 283K, capacity 388K, committed 512K, reserved 1048576K
Event: 3.396 GC heap after
Heap after GC invocations=13 (full 1):
 PSYoungGen      total 296960K, used 31732K [0x00000000eb200000, 0x0000000100000000, 0x0000000100000000)
  eden space 265216K, 0% used [0x00000000eb200000,0x00000000eb200000,0x00000000fb500000)
  from space 31744K, 99% used [0x00000000fe100000,0x00000000ffffd350,0x0000000100000000)
  to   space 38400K, 0% used [0x00000000fb500000,0x00000000fb500000,0x00000000fda80000)
 ParOldGen       total 83456K, used 68510K [0x00000000c1600000, 0x00000000c6780000, 0x00000000eb200000)
  object space 83456K, 82% used [0x00000000c1600000,0x00000000c58e7b80,0x00000000c6780000)
 Metaspace       used 2641K, capacity 4564K, committed 4864K, reserved 1056768K
  class space    used 283K, capacity 388K, committed 512K, reserved 1048576K
}
Event: 3.396 GC heap before
{Heap before GC invocations=14 (full 2):
 PSYoungGen      total 296960K, used 31732K [0x00000000eb200000, 0x0000000100000000, 0x0000000100000000)
  eden space 265216K, 0% used [0x00000000eb200000,0x00000000eb200000,0x00000000fb500000)
  from space 31744K, 99% used [0x00000000fe100000,0x00000000ffffd350,0x0000000100000000)
  to   space 38400K, 0% used [0x00000000fb500000,0x00000000fb500000,0x00000000fda80000)
 ParOldGen       total 83456K, used 68510K [0x00000000c1600000, 0x00000000c6780000, 0x00000000eb200000)
  object space 83456K, 82% used [0x00000000c1600000,0x00000000c58e7b80,0x00000000c6780000)
 Metaspace       used 2641K, capacity 4564K, committed 4864K, reserved 1056768K
  class space    used 283K, capacity 388K, committed 512K, reserved 1048576K
Event: 3.976 GC heap after
Heap after GC invocations=14 (full 2):
 PSYoungGen      total 296960K, used 16831K [0x00000000eb200000, 0x0000000100000000, 0x0000000100000000)
  eden space 265216K, 0% used [0x00000000eb200000,0x00000000eb200000,0x00000000fb500000)
  from space 31744K, 53% used [0x00000000fe100000,0x00000000ff16fdc8,0x0000000100000000)
  to   space 38400K, 0% used [0x00000000fb500000,0x00000000fb500000,0x00000000fda80000)
 ParOldGen       total 83456K, used 82822K [0x00000000c1600000, 0x00000000c6780000, 0x00000000eb200000)
  object space 83456K, 99% used [0x00000000c1600000,0x00000000c66e19d0,0x00000000c6780000)
 Metaspace       used 2641K, capacity 4564K, committed 4864K, reserved 1056768K
  class space    used 283K, capacity 388K, committed 512K, reserved 1048576K
}

Deoptimization events (10 events):
Event: 0.339 Thread 0x0000000002b00800 Uncommon trap: reason=array_check action=maybe_recompile pc=0x0000000002d5d830 method=java.util.AbstractCollection.toArray([Ljava/lang/Object;)[Ljava/lang/Object; @ 119
Event: 0.339 Thread 0x0000000002b00800 Uncommon trap: reason=array_check action=maybe_recompile pc=0x0000000002d5d830 method=java.util.AbstractCollection.toArray([Ljava/lang/Object;)[Ljava/lang/Object; @ 119
Event: 0.339 Thread 0x0000000002b00800 Uncommon trap: reason=array_check action=maybe_recompile pc=0x0000000002d5d830 method=java.util.AbstractCollection.toArray([Ljava/lang/Object;)[Ljava/lang/Object; @ 119
Event: 0.339 Thread 0x0000000002b00800 Uncommon trap: reason=array_check action=maybe_recompile pc=0x0000000002d5d830 method=java.util.AbstractCollection.toArray([Ljava/lang/Object;)[Ljava/lang/Object; @ 119
Event: 0.541 Thread 0x0000000002b00800 Uncommon trap: reason=class_check action=maybe_recompile pc=0x0000000002d78fd8 method=sun.misc.FloatingDecimal.parseDouble(Ljava/lang/String;)D @ 4
Event: 0.541 Thread 0x0000000002b00800 Uncommon trap: reason=class_check action=maybe_recompile pc=0x0000000002d515e8 method=sun.misc.FloatingDecimal.parseDouble(Ljava/lang/String;)D @ 4
Event: 0.541 Thread 0x0000000002b00800 Uncommon trap: reason=class_check action=maybe_recompile pc=0x0000000002d515e8 method=sun.misc.FloatingDecimal.parseDouble(Ljava/lang/String;)D @ 4
Event: 0.541 Thread 0x0000000002b00800 Uncommon trap: reason=class_check action=maybe_recompile pc=0x0000000002d515e8 method=sun.misc.FloatingDecimal.parseDouble(Ljava/lang/String;)D @ 4
Event: 0.543 Thread 0x0000000002b00800 Uncommon trap: reason=class_check action=maybe_recompile pc=0x0000000002d78fb4 method=sun.misc.FloatingDecimal.parseDouble(Ljava/lang/String;)D @ 4
Event: 4.043 Thread 0x0000000002b00800 Uncommon trap: reason=unreached action=reinterpret pc=0x0000000002d7f4c0 method=dsknn.World.<init>()V @ 298

Internal exceptions (10 events):
Event: 0.068 Thread 0x0000000002b00800 Exception <a 'java/lang/NoSuchMethodError': Method sun.misc.Unsafe.defineClass(Ljava/lang/String;[BII)Ljava/lang/Class; name or signature does not match> (0x00000000eb212120) thrown at [D:\re\workspace\8-2-build-windows-amd64-cygwin\jdk8u20\1074\hotspot\srô$RyZè±?
Event: 0.069 Thread 0x0000000002b00800 Exception <a 'java/lang/NoSuchMethodError': Method sun.misc.Unsafe.prefetchRead(Ljava/lang/Object;J)V name or signature does not match> (0x00000000eb2123b0) thrown at [D:\re\workspace\8-2-build-windows-amd64-cygwin\jdk8u20\1074\hotspot\src\share\vm\prims\jQõ òS∆?
Event: 0.174 Thread 0x0000000002b00800 Exception <a 'java/security/PrivilegedActionException'> (0x00000000eb2f81c0) thrown at [D:\re\workspace\8-2-build-windows-amd64-cygwin\jdk8u20\1074\hotspot\src\share\vm\prims\jvm.cpp, line 1275]
Event: 0.221 Thread 0x0000000002b00800 Exception <a 'java/security/PrivilegedActionException'> (0x00000000eb302b80) thrown at [D:\re\workspace\8-2-build-windows-amd64-cygwin\jdk8u20\1074\hotspot\src\share\vm\prims\jvm.cpp, line 1275]
Event: 0.223 Thread 0x0000000002b00800 Exception <a 'java/security/PrivilegedActionException'> (0x00000000eb306130) thrown at [D:\re\workspace\8-2-build-windows-amd64-cygwin\jdk8u20\1074\hotspot\src\share\vm\prims\jvm.cpp, line 1275]
Event: 0.229 Thread 0x0000000002b00800 Exception <a 'java/security/PrivilegedActionException'> (0x00000000eb4286a8) thrown at [D:\re\workspace\8-2-build-windows-amd64-cygwin\jdk8u20\1074\hotspot\src\share\vm\prims\jvm.cpp, line 1275]
Event: 4.047 Thread 0x0000000002b00800 Exception <a 'java/security/PrivilegedActionException'> (0x00000000ed39fb98) thrown at [D:\re\workspace\8-2-build-windows-amd64-cygwin\jdk8u20\1074\hotspot\src\share\vm\prims\jvm.cpp, line 1275]
Event: 4.063 Thread 0x0000000002b00800 Exception <a 'java/security/PrivilegedActionException'> (0x00000000ed3a9180) thrown at [D:\re\workspace\8-2-build-windows-amd64-cygwin\jdk8u20\1074\hotspot\src\share\vm\prims\jvm.cpp, line 1275]
Event: 4.068 Thread 0x0000000002b00800 Exception <a 'java/security/PrivilegedActionException'> (0x00000000ed3ac588) thrown at [D:\re\workspace\8-2-build-windows-amd64-cygwin\jdk8u20\1074\hotspot\src\share\vm\prims\jvm.cpp, line 1275]
Event: 4.076 Thread 0x0000000002b00800 Exception <a 'java/security/PrivilegedActionException'> (0x00000000ed3be278) thrown at [D:\re\workspace\8-2-build-windows-amd64-cygwin\jdk8u20\1074\hotspot\src\share\vm\prims\jvm.cpp, line 1275]

Events (10 events):
Event: 4.068 loading class dsknn/Intersect
Event: 4.068 loading class dsknn/Intersect done
Event: 4.074 loading class java/util/ArrayList$Itr
Event: 4.074 loading class java/util/ArrayList$Itr done
Event: 4.076 loading class dsknn/Probability
Event: 4.076 loading class dsknn/Probability done
Event: 4.081 loading class java/math/BigInteger
Event: 4.081 loading class java/math/BigInteger done
Event: 4.084 loading class java/math/MutableBigInteger
Event: 4.084 loading class java/math/MutableBigInteger done


Dynamic libraries:
0x00007ff6a9120000 - 0x00007ff6a9154000 	D:\Program Files\Java\jre1.8\bin\javaw.exe
0x00007ff846cd0000 - 0x00007ff846e7c000 	C:\windows\SYSTEM32\ntdll.dll
0x00007ff8448a0000 - 0x00007ff8449de000 	C:\windows\system32\KERNEL32.DLL
0x00007ff844230000 - 0x00007ff844345000 	C:\windows\system32\KERNELBASE.dll
0x00007ff8429c0000 - 0x00007ff842a4e000 	C:\windows\system32\apphelp.dll
0x00007ff837170000 - 0x00007ff8371c3000 	C:\windows\AppPatch\AppPatch64\AcGenral.DLL
0x00007ff844fe0000 - 0x00007ff84508a000 	C:\windows\system32\msvcrt.dll
0x00007ff843bf0000 - 0x00007ff843c1e000 	C:\windows\SYSTEM32\SspiCli.dll
0x00007ff846c70000 - 0x00007ff846cc4000 	C:\windows\system32\SHLWAPI.dll
0x00007ff844cc0000 - 0x00007ff844e37000 	C:\windows\system32\USER32.dll
0x00007ff844e40000 - 0x00007ff844fd4000 	C:\windows\system32\ole32.dll
0x00007ff845240000 - 0x00007ff846758000 	C:\windows\system32\SHELL32.dll
0x00007ff8433c0000 - 0x00007ff8433e1000 	C:\windows\SYSTEM32\USERENV.dll
0x00007ff844350000 - 0x00007ff8443fa000 	C:\windows\system32\ADVAPI32.dll
0x00007ff83b740000 - 0x00007ff83b75e000 	C:\windows\SYSTEM32\MPR.dll
0x00007ff846830000 - 0x00007ff846971000 	C:\windows\system32\RPCRT4.dll
0x00007ff8444f0000 - 0x00007ff844549000 	C:\windows\SYSTEM32\sechost.dll
0x00007ff844a20000 - 0x00007ff844c31000 	C:\windows\SYSTEM32\combase.dll
0x00007ff844730000 - 0x00007ff844881000 	C:\windows\system32\GDI32.dll
0x00007ff843e20000 - 0x00007ff843e35000 	C:\windows\SYSTEM32\profapi.dll
0x00007ff842620000 - 0x00007ff8426d2000 	C:\windows\SYSTEM32\SHCORE.dll
0x00007ff8449e0000 - 0x00007ff844a16000 	C:\windows\system32\IMM32.DLL
0x00007ff846980000 - 0x00007ff846ad1000 	C:\windows\system32\MSCTF.dll
0x00007ff83fb50000 - 0x00007ff83fdcb000 	C:\windows\WinSxS\amd64_microsoft.windows.common-controls_6595b64144ccf1df_6.0.9600.17415_none_6240486fecbd8abb\COMCTL32.dll
0x0000000055bb0000 - 0x0000000055c82000 	D:\Program Files\Java\jre1.8\bin\msvcr100.dll
0x0000000055d30000 - 0x0000000056588000 	D:\Program Files\Java\jre1.8\bin\server\jvm.dll
0x00007ff8315d0000 - 0x00007ff8315d9000 	C:\windows\SYSTEM32\WSOCK32.dll
0x00007ff83b760000 - 0x00007ff83b782000 	C:\windows\SYSTEM32\WINMM.dll
0x00007ff844460000 - 0x00007ff844467000 	C:\windows\system32\PSAPI.DLL
0x00007ff844400000 - 0x00007ff84445a000 	C:\windows\system32\WS2_32.dll
0x00007ff83b7a0000 - 0x00007ff83b7ca000 	C:\windows\SYSTEM32\WINMMBASE.dll
0x00007ff844cb0000 - 0x00007ff844cb9000 	C:\windows\system32\NSI.dll
0x00007ff843ef0000 - 0x00007ff843f3f000 	C:\windows\SYSTEM32\cfgmgr32.dll
0x00007ff842c40000 - 0x00007ff842c68000 	C:\windows\SYSTEM32\DEVOBJ.dll
0x0000000055d20000 - 0x0000000055d2f000 	D:\Program Files\Java\jre1.8\bin\verify.dll
0x0000000055cf0000 - 0x0000000055d18000 	D:\Program Files\Java\jre1.8\bin\java.dll
0x0000000055cd0000 - 0x0000000055ce6000 	D:\Program Files\Java\jre1.8\bin\zip.dll
0x00007ff826820000 - 0x00007ff8269aa000 	C:\windows\SYSTEM32\dbghelp.dll

VM Arguments:
jvm_args: -Dfile.encoding=GBK 
java_command: dsknn.NaiveMain
java_class_path (initial): E:\JavaWorkSpace\dsknn\bin
Launcher Type: SUN_STANDARD

Environment Variables:
PATH=D:/Program Files/Java/jre1.8/bin/server;D:/Program Files/Java/jre1.8/bin;D:/Program Files/Java/jre1.8/lib/amd64;C:\Python27\ArcGIS10.2\;C:\ProgramData\Oracle\Java\javapath;C:\Program Files (x86)\Intel\iCLS Client\;C:\Program Files\Intel\iCLS Client\;C:\windows\system32;C:\windows;C:\windows\System32\Wbem;C:\windows\System32\WindowsPowerShell\v1.0\;C:\Program Files\Intel\Intel(R) Management Engine Components\DAL;C:\Program Files\Intel\Intel(R) Management Engine Components\IPT;C:\Program Files (x86)\Intel\Intel(R) Management Engine Components\DAL;C:\Program Files (x86)\Intel\Intel(R) Management Engine Components\IPT;C:\Program Files (x86)\MiKTeX 2.9\miktex\bin\;C:\CTEX\UserData\miktex\bin;C:\CTEX\MiKTeX\miktex\bin;C:\CTEX\CTeX\ctex\bin;C:\CTEX\CTeX\cct\bin;C:\CTEX\CTeX\ty\bin;C:\CTEX\Ghostscript\gs9.00\bin;C:\CTEX\GSview\gsview;C:\CTEX\WinEdt;C:\Program Files (x86)\nodejs\;C:\Program Files (x86)\MySQL\MySQL Fabric 1.5.3 & MySQL Utilities 1.5.3 1.5\;C:\Program Files (x86)\MySQL\MySQL Fabric 1.5.3 & MySQL Utilities 1.5.3 1.5\Doctrine extensions for PHP\;C:\Ruby193\bin;D:\Program Files\Java\jdk1.8.0_20\bin;C:\Program Files\PostgreSQL\9.3\bin;C:\Users\JackLong\AppData\Roaming\npm;D:\program-files\eclipse;
USERNAME=JackLong
OS=Windows_NT
PROCESSOR_IDENTIFIER=Intel64 Family 6 Model 69 Stepping 1, GenuineIntel



---------------  S Y S T E M  ---------------

OS: Windows 8.1 , 64 bit Build 9600 

CPU:total 4 (2 cores per cpu, 2 threads per core) family 6 model 69 stepping 1, cmov, cx8, fxsr, mmx, sse, sse2, sse3, ssse3, sse4.1, sse4.2, popcnt, avx, avx2, aes, clmul, erms, lzcnt, ht, tsc, tscinvbit, bmi1, bmi2

Memory: 4k page, physical 4100104k(724788k free), swap 4100104k(3256k free)

vm_info: Java HotSpot(TM) 64-Bit Server VM (25.20-b23) for windows-amd64 JRE (1.8.0_20-b26), built on Jul 30 2014 13:51:23 by "java_re" with MS VC++ 10.0 (VS2010)

time: Tue Mar 24 12:29:47 2015
elapsed time: 4 seconds (0d 0h 0m 4s)

