#
# There is insufficient memory for the Java Runtime Environment to continue.
# Native memory allocation (malloc) failed to allocate 398096 bytes for Chunk::new
# Possible reasons:
#   The system is out of physical RAM or swap space
#   In 32 bit mode, the process size limit was hit
# Possible solutions:
#   Reduce memory load on the system
#   Increase physical memory or swap space
#   Check if swap backing store is full
#   Use 64 bit Java on a 64 bit OS
#   Decrease Java heap size (-Xmx/-Xms)
#   Decrease number of Java threads
#   Decrease Java thread stack sizes (-Xss)
#   Set larger code cache with -XX:ReservedCodeCacheSize=
# This output file may be truncated or incomplete.
#
#  Out of Memory Error (allocation.cpp:390), pid=6948, tid=536
#
# JRE version: Java(TM) SE Runtime Environment (8.0_20-b26) (build 1.8.0_20-b26)
# Java VM: Java HotSpot(TM) 64-Bit Server VM (25.20-b23 mixed mode windows-amd64 compressed oops)
# Failed to write core dump. Minidumps are not enabled by default on client versions of Windows
#

---------------  T H R E A D  ---------------

Current thread (0x000000001511c000):  JavaThread "C2 CompilerThread1" daemon [_thread_in_native, id=536, stack(0x0000000016b40000,0x0000000016c40000)]

Stack: [0x0000000016b40000,0x0000000016c40000]
Native frames: (J=compiled Java code, j=interpreted, Vv=VM code, C=native code)
V  [jvm.dll+0x3152fa]


Current CompileTask:
C2:   5086  273       4       dsknn.NaiveMain::getAffectedLists (193 bytes)


---------------  P R O C E S S  ---------------

Java Threads: ( => current thread )
  0x00000000167ab800 JavaThread "Service Thread" daemon [_thread_blocked, id=7588, stack(0x0000000016d40000,0x0000000016e40000)]
  0x000000001675f000 JavaThread "C1 CompilerThread2" daemon [_thread_blocked, id=7980, stack(0x0000000016c40000,0x0000000016d40000)]
=>0x000000001511c000 JavaThread "C2 CompilerThread1" daemon [_thread_in_native, id=536, stack(0x0000000016b40000,0x0000000016c40000)]
  0x00000000150cc800 JavaThread "C2 CompilerThread0" daemon [_thread_in_native, id=7636, stack(0x0000000016640000,0x0000000016740000)]
  0x00000000150cc000 JavaThread "Attach Listener" daemon [_thread_blocked, id=9020, stack(0x0000000016540000,0x0000000016640000)]
  0x0000000015119800 JavaThread "Signal Dispatcher" daemon [_thread_blocked, id=5076, stack(0x0000000016440000,0x0000000016540000)]
  0x0000000002a93800 JavaThread "Finalizer" daemon [_thread_blocked, id=7956, stack(0x0000000016320000,0x0000000016420000)]
  0x0000000002a8a000 JavaThread "Reference Handler" daemon [_thread_blocked, id=9080, stack(0x0000000016220000,0x0000000016320000)]
  0x00000000029a0800 JavaThread "main" [_thread_in_Java, id=6840, stack(0x0000000000e60000,0x0000000000f60000)]

Other Threads:
  0x0000000015085800 VMThread [stack: 0x0000000016120000,0x0000000016220000] [id=5328]
  0x00000000167c4800 WatcherThread [stack: 0x0000000016e40000,0x0000000016f40000] [id=2256]

VM state:not at safepoint (normal execution)

VM Mutex/Monitor currently owned by a thread: None

Heap:
 PSYoungGen      total 137216K, used 106240K [0x00000000eb200000, 0x00000000f4200000, 0x0000000100000000)
  eden space 130048K, 81% used [0x00000000eb200000,0x00000000f19c0220,0x00000000f3100000)
  from space 7168K, 0% used [0x00000000f3900000,0x00000000f3900000,0x00000000f4000000)
  to   space 8192K, 0% used [0x00000000f3100000,0x00000000f3100000,0x00000000f3900000)
 ParOldGen       total 83456K, used 4066K [0x00000000c1600000, 0x00000000c6780000, 0x00000000eb200000)
  object space 83456K, 4% used [0x00000000c1600000,0x00000000c19f8ac8,0x00000000c6780000)
 Metaspace       used 2921K, capacity 4568K, committed 4864K, reserved 1056768K
  class space    used 296K, capacity 392K, committed 512K, reserved 1048576K

Card table byte_map: [0x0000000011e60000,0x0000000012060000] byte_map_base: 0x0000000011855000

Marking Bits: (ParMarkBitMap*) 0x000000005650b460
 Begin Bits: [0x00000000125b0000, 0x0000000013558000)
 End Bits:   [0x0000000013558000, 0x0000000014500000)

Polling page: 0x0000000000d40000

CodeCache: size=245760Kb used=2215Kb max_used=2227Kb free=243544Kb
 bounds [0x0000000002aa0000, 0x0000000002d10000, 0x0000000011aa0000]
 total_blobs=551 nmethods=298 adapters=167
 compilation: enabled

Compilation events (10 events):
Event: 4.750 Thread 0x00000000150cc800 nmethod 295% 0x0000000002ccc710 code [0x0000000002ccc8c0, 0x0000000002ccdd38]
Event: 4.750 Thread 0x00000000150cc800  296       4       java.util.TimSort::binarySort (223 bytes)
Event: 4.760 Thread 0x00000000150cc800 nmethod 296 0x0000000002cc64d0 code [0x0000000002cc6640, 0x0000000002cc6cb8]
Event: 4.760 Thread 0x00000000150cc800  298 %     4       java.util.TimSort::mergeHi @ 191 (732 bytes)
Event: 4.800 Thread 0x00000000150cc800 nmethod 298% 0x0000000002cca590 code [0x0000000002cca740, 0x0000000002ccbd58]
Event: 4.800 Thread 0x00000000150cc800  299       4       java.util.TimSort::gallopRight (335 bytes)
Event: 4.817 Thread 0x00000000150cc800 nmethod 299 0x0000000002cce750 code [0x0000000002cce8c0, 0x0000000002ccef38]
Event: 4.817 Thread 0x00000000150cc800  300 % !   4       dsknn.World::<init> @ 166 (360 bytes)
Event: 4.995 Thread 0x000000001675f000  301       1       sun.misc.FloatingDecimal$PreparedASCIIToBinaryBuffer::doubleValue (5 bytes)
Event: 4.996 Thread 0x000000001675f000 nmethod 301 0x0000000002cb7010 code [0x0000000002cb7160, 0x0000000002cb7270]

GC Heap History (10 events):
Event: 2.859 GC heap before
{Heap before GC invocations=15 (full 1):
 PSYoungGen      total 138240K, used 138233K [0x00000000eb200000, 0x00000000f4200000, 0x0000000100000000)
  eden space 130048K, 100% used [0x00000000eb200000,0x00000000f3100000,0x00000000f3100000)
  from space 8192K, 99% used [0x00000000f3100000,0x00000000f38fe7d0,0x00000000f3900000)
  to   space 7168K, 0% used [0x00000000f3900000,0x00000000f3900000,0x00000000f4000000)
 ParOldGen       total 83456K, used 66480K [0x00000000c1600000, 0x00000000c6780000, 0x00000000eb200000)
  object space 83456K, 79% used [0x00000000c1600000,0x00000000c56ec1c8,0x00000000c6780000)
 Metaspace       used 2641K, capacity 4564K, committed 4864K, reserved 1056768K
  class space    used 283K, capacity 388K, committed 512K, reserved 1048576K
Event: 2.887 GC heap after
Heap after GC invocations=15 (full 1):
 PSYoungGen      total 137216K, used 7155K [0x00000000eb200000, 0x00000000f4200000, 0x0000000100000000)
  eden space 130048K, 0% used [0x00000000eb200000,0x00000000eb200000,0x00000000f3100000)
  from space 7168K, 99% used [0x00000000f3900000,0x00000000f3ffce30,0x00000000f4000000)
  to   space 8192K, 0% used [0x00000000f3100000,0x00000000f3100000,0x00000000f3900000)
 ParOldGen       total 83456K, used 75643K [0x00000000c1600000, 0x00000000c6780000, 0x00000000eb200000)
  object space 83456K, 90% used [0x00000000c1600000,0x00000000c5fdefb8,0x00000000c6780000)
 Metaspace       used 2641K, capacity 4564K, committed 4864K, reserved 1056768K
  class space    used 283K, capacity 388K, committed 512K, reserved 1048576K
}
Event: 2.887 GC heap before
{Heap before GC invocations=16 (full 2):
 PSYoungGen      total 137216K, used 7155K [0x00000000eb200000, 0x00000000f4200000, 0x0000000100000000)
  eden space 130048K, 0% used [0x00000000eb200000,0x00000000eb200000,0x00000000f3100000)
  from space 7168K, 99% used [0x00000000f3900000,0x00000000f3ffce30,0x00000000f4000000)
  to   space 8192K, 0% used [0x00000000f3100000,0x00000000f3100000,0x00000000f3900000)
 ParOldGen       total 83456K, used 75643K [0x00000000c1600000, 0x00000000c6780000, 0x00000000eb200000)
  object space 83456K, 90% used [0x00000000c1600000,0x00000000c5fdefb8,0x00000000c6780000)
 Metaspace       used 2641K, capacity 4564K, committed 4864K, reserved 1056768K
  class space    used 283K, capacity 388K, committed 512K, reserved 1048576K
Event: 3.390 GC heap after
Heap after GC invocations=16 (full 2):
 PSYoungGen      total 137216K, used 0K [0x00000000eb200000, 0x00000000f4200000, 0x0000000100000000)
  eden space 130048K, 0% used [0x00000000eb200000,0x00000000eb200000,0x00000000f3100000)
  from space 7168K, 0% used [0x00000000f3900000,0x00000000f3900000,0x00000000f4000000)
  to   space 8192K, 0% used [0x00000000f3100000,0x00000000f3100000,0x00000000f3900000)
 ParOldGen       total 83456K, used 81283K [0x00000000c1600000, 0x00000000c6780000, 0x00000000eb200000)
  object space 83456K, 97% used [0x00000000c1600000,0x00000000c6560ee8,0x00000000c6780000)
 Metaspace       used 2641K, capacity 4564K, committed 4864K, reserved 1056768K
  class space    used 283K, capacity 388K, committed 512K, reserved 1048576K
}
Event: 3.511 GC heap before
{Heap before GC invocations=17 (full 3):
 PSYoungGen      total 137216K, used 130048K [0x00000000eb200000, 0x00000000f4200000, 0x0000000100000000)
  eden space 130048K, 100% used [0x00000000eb200000,0x00000000f3100000,0x00000000f3100000)
  from space 7168K, 0% used [0x00000000f3900000,0x00000000f3900000,0x00000000f4000000)
  to   space 8192K, 0% used [0x00000000f3100000,0x00000000f3100000,0x00000000f3900000)
 ParOldGen       total 83456K, used 81283K [0x00000000c1600000, 0x00000000c6780000, 0x00000000eb200000)
  object space 83456K, 97% used [0x00000000c1600000,0x00000000c6560ee8,0x00000000c6780000)
 Metaspace       used 2641K, capacity 4564K, committed 4864K, reserved 1056768K
  class space    used 283K, capacity 388K, committed 512K, reserved 1048576K
Event: 3.861 GC heap after
Heap after GC invocations=17 (full 3):
 PSYoungGen      total 137216K, used 6027K [0x00000000eb200000, 0x00000000f4200000, 0x0000000100000000)
  eden space 130048K, 4% used [0x00000000eb200000,0x00000000eb7e2c38,0x00000000f3100000)
  from space 7168K, 0% used [0x00000000f3900000,0x00000000f3900000,0x00000000f4000000)
  to   space 8192K, 0% used [0x00000000f3100000,0x00000000f3100000,0x00000000f3900000)
 ParOldGen       total 83456K, used 83454K [0x00000000c1600000, 0x00000000c6780000, 0x00000000eb200000)
  object space 83456K, 99% used [0x00000000c1600000,0x00000000c677f8f8,0x00000000c6780000)
 Metaspace       used 2641K, capacity 4564K, committed 4864K, reserved 1056768K
  class space    used 283K, capacity 388K, committed 512K, reserved 1048576K
}
Event: 4.026 GC heap before
{Heap before GC invocations=18 (full 4):
 PSYoungGen      total 137216K, used 130048K [0x00000000eb200000, 0x00000000f4200000, 0x0000000100000000)
  eden space 130048K, 100% used [0x00000000eb200000,0x00000000f3100000,0x00000000f3100000)
  from space 7168K, 0% used [0x00000000f3900000,0x00000000f3900000,0x00000000f4000000)
  to   space 8192K, 0% used [0x00000000f3100000,0x00000000f3100000,0x00000000f3900000)
 ParOldGen       total 83456K, used 83454K [0x00000000c1600000, 0x00000000c6780000, 0x00000000eb200000)
  object space 83456K, 99% used [0x00000000c1600000,0x00000000c677f8f8,0x00000000c6780000)
 Metaspace       used 2641K, capacity 4564K, committed 4864K, reserved 1056768K
  class space    used 283K, capacity 388K, committed 512K, reserved 1048576K
Event: 4.313 GC heap after
Heap after GC invocations=18 (full 4):
 PSYoungGen      total 137216K, used 13809K [0x00000000eb200000, 0x00000000f4200000, 0x0000000100000000)
  eden space 130048K, 10% used [0x00000000eb200000,0x00000000ebf7c4e8,0x00000000f3100000)
  from space 7168K, 0% used [0x00000000f3900000,0x00000000f3900000,0x00000000f4000000)
  to   space 8192K, 0% used [0x00000000f3100000,0x00000000f3100000,0x00000000f3900000)
 ParOldGen       total 83456K, used 83409K [0x00000000c1600000, 0x00000000c6780000, 0x00000000eb200000)
  object space 83456K, 99% used [0x00000000c1600000,0x00000000c67747f8,0x00000000c6780000)
 Metaspace       used 2641K, capacity 4564K, committed 4864K, reserved 1056768K
  class space    used 283K, capacity 388K, committed 512K, reserved 1048576K
}
Event: 4.848 GC heap before
{Heap before GC invocations=19 (full 5):
 PSYoungGen      total 137216K, used 130048K [0x00000000eb200000, 0x00000000f4200000, 0x0000000100000000)
  eden space 130048K, 100% used [0x00000000eb200000,0x00000000f3100000,0x00000000f3100000)
  from space 7168K, 0% used [0x00000000f3900000,0x00000000f3900000,0x00000000f4000000)
  to   space 8192K, 0% used [0x00000000f3100000,0x00000000f3100000,0x00000000f3900000)
 ParOldGen       total 83456K, used 83409K [0x00000000c1600000, 0x00000000c6780000, 0x00000000eb200000)
  object space 83456K, 99% used [0x00000000c1600000,0x00000000c67747f8,0x00000000c6780000)
 Metaspace       used 2921K, capacity 4568K, committed 4864K, reserved 1056768K
  class space    used 296K, capacity 392K, committed 512K, reserved 1048576K
Event: 4.873 GC heap after
Heap after GC invocations=19 (full 5):
 PSYoungGen      total 137216K, used 0K [0x00000000eb200000, 0x00000000f4200000, 0x0000000100000000)
  eden space 130048K, 0% used [0x00000000eb200000,0x00000000eb200000,0x00000000f3100000)
  from space 7168K, 0% used [0x00000000f3900000,0x00000000f3900000,0x00000000f4000000)
  to   space 8192K, 0% used [0x00000000f3100000,0x00000000f3100000,0x00000000f3900000)
 ParOldGen       total 83456K, used 4066K [0x00000000c1600000, 0x00000000c6780000, 0x00000000eb200000)
  object space 83456K, 4% used [0x00000000c1600000,0x00000000c19f8ac8,0x00000000c6780000)
 Metaspace       used 2921K, capacity 4568K, committed 4864K, reserved 1056768K
  class space    used 296K, capacity 392K, committed 512K, reserved 1048576K
}

Deoptimization events (10 events):
Event: 0.286 Thread 0x00000000029a0800 Uncommon trap: reason=array_check action=maybe_recompile pc=0x0000000002bfb070 method=java.util.AbstractCollection.toArray([Ljava/lang/Object;)[Ljava/lang/Object; @ 119
Event: 0.286 Thread 0x00000000029a0800 Uncommon trap: reason=array_check action=maybe_recompile pc=0x0000000002bfb070 method=java.util.AbstractCollection.toArray([Ljava/lang/Object;)[Ljava/lang/Object; @ 119
Event: 0.286 Thread 0x00000000029a0800 Uncommon trap: reason=array_check action=maybe_recompile pc=0x0000000002bfb070 method=java.util.AbstractCollection.toArray([Ljava/lang/Object;)[Ljava/lang/Object; @ 119
Event: 0.286 Thread 0x00000000029a0800 Uncommon trap: reason=array_check action=maybe_recompile pc=0x0000000002bfb070 method=java.util.AbstractCollection.toArray([Ljava/lang/Object;)[Ljava/lang/Object; @ 119
Event: 0.533 Thread 0x00000000029a0800 Uncommon trap: reason=class_check action=maybe_recompile pc=0x0000000002c18e58 method=sun.misc.FloatingDecimal.parseDouble(Ljava/lang/String;)D @ 4
Event: 0.533 Thread 0x00000000029a0800 Uncommon trap: reason=class_check action=maybe_recompile pc=0x0000000002c0c8e8 method=sun.misc.FloatingDecimal.parseDouble(Ljava/lang/String;)D @ 4
Event: 0.533 Thread 0x00000000029a0800 Uncommon trap: reason=class_check action=maybe_recompile pc=0x0000000002c0c8e8 method=sun.misc.FloatingDecimal.parseDouble(Ljava/lang/String;)D @ 4
Event: 0.533 Thread 0x00000000029a0800 Uncommon trap: reason=class_check action=maybe_recompile pc=0x0000000002c0c8e8 method=sun.misc.FloatingDecimal.parseDouble(Ljava/lang/String;)D @ 4
Event: 0.535 Thread 0x00000000029a0800 Uncommon trap: reason=class_check action=maybe_recompile pc=0x0000000002c18e34 method=sun.misc.FloatingDecimal.parseDouble(Ljava/lang/String;)D @ 4
Event: 4.399 Thread 0x00000000029a0800 Uncommon trap: reason=unreached action=reinterpret pc=0x0000000002c21740 method=dsknn.World.<init>()V @ 298

Internal exceptions (10 events):
Event: 0.141 Thread 0x00000000029a0800 Exception <a 'java/security/PrivilegedActionException'> (0x00000000eb302750) thrown at [D:\re\workspace\8-2-build-windows-amd64-cygwin\jdk8u20\1074\hotspot\src\share\vm\prims\jvm.cpp, line 1275]
Event: 0.143 Thread 0x00000000029a0800 Exception <a 'java/security/PrivilegedActionException'> (0x00000000eb305d00) thrown at [D:\re\workspace\8-2-build-windows-amd64-cygwin\jdk8u20\1074\hotspot\src\share\vm\prims\jvm.cpp, line 1275]
Event: 0.158 Thread 0x00000000029a0800 Exception <a 'java/security/PrivilegedActionException'> (0x00000000eb47a140) thrown at [D:\re\workspace\8-2-build-windows-amd64-cygwin\jdk8u20\1074\hotspot\src\share\vm\prims\jvm.cpp, line 1275]
Event: 4.402 Thread 0x00000000029a0800 Exception <a 'java/security/PrivilegedActionException'> (0x00000000f06f8b28) thrown at [D:\re\workspace\8-2-build-windows-amd64-cygwin\jdk8u20\1074\hotspot\src\share\vm\prims\jvm.cpp, line 1275]
Event: 4.419 Thread 0x00000000029a0800 Exception <a 'java/security/PrivilegedActionException'> (0x00000000f0702110) thrown at [D:\re\workspace\8-2-build-windows-amd64-cygwin\jdk8u20\1074\hotspot\src\share\vm\prims\jvm.cpp, line 1275]
Event: 4.423 Thread 0x00000000029a0800 Exception <a 'java/security/PrivilegedActionException'> (0x00000000f0706ad8) thrown at [D:\re\workspace\8-2-build-windows-amd64-cygwin\jdk8u20\1074\hotspot\src\share\vm\prims\jvm.cpp, line 1275]
Event: 4.436 Thread 0x00000000029a0800 Exception <a 'java/security/PrivilegedActionException'> (0x00000000f07266f0) thrown at [D:\re\workspace\8-2-build-windows-amd64-cygwin\jdk8u20\1074\hotspot\src\share\vm\prims\jvm.cpp, line 1275]
Event: 4.438 Thread 0x00000000029a0800 Exception <a 'java/security/PrivilegedActionException'> (0x00000000f0728e20) thrown at [D:\re\workspace\8-2-build-windows-amd64-cygwin\jdk8u20\1074\hotspot\src\share\vm\prims\jvm.cpp, line 1275]
Event: 4.639 Thread 0x00000000029a0800 Exception <a 'java/security/PrivilegedActionException'> (0x00000000f09eb6b8) thrown at [D:\re\workspace\8-2-build-windows-amd64-cygwin\jdk8u20\1074\hotspot\src\share\vm\prims\jvm.cpp, line 1275]
Event: 4.641 Thread 0x00000000029a0800 Exception <a 'java/security/PrivilegedActionException'> (0x00000000f09ef2a8) thrown at [D:\re\workspace\8-2-build-windows-amd64-cygwin\jdk8u20\1074\hotspot\src\share\vm\prims\jvm.cpp, line 1275]

Events (10 events):
Event: 4.874 Executing VM operation: RevokeBias
Event: 4.874 Executing VM operation: RevokeBias done
Event: 4.874 Executing VM operation: RevokeBias
Event: 4.874 Executing VM operation: RevokeBias done
Event: 4.874 Executing VM operation: RevokeBias
Event: 4.874 Executing VM operation: RevokeBias done
Event: 4.874 Executing VM operation: RevokeBias
Event: 4.874 Executing VM operation: RevokeBias done
Event: 4.874 Executing VM operation: RevokeBias
Event: 4.874 Executing VM operation: RevokeBias done


Dynamic libraries:
0x00007ff6a9120000 - 0x00007ff6a9154000 	D:\Program Files\Java\jre1.8\bin\javaw.exe
0x00007ff846cd0000 - 0x00007ff846e7c000 	C:\windows\SYSTEM32\ntdll.dll
0x00007ff8448a0000 - 0x00007ff8449de000 	C:\windows\system32\KERNEL32.DLL
0x00007ff844230000 - 0x00007ff844345000 	C:\windows\system32\KERNELBASE.dll
0x00007ff8429c0000 - 0x00007ff842a4e000 	C:\windows\system32\apphelp.dll
0x00007ff837170000 - 0x00007ff8371c3000 	C:\windows\AppPatch\AppPatch64\AcGenral.DLL
0x00007ff844fe0000 - 0x00007ff84508a000 	C:\windows\system32\msvcrt.dll
0x00007ff843bf0000 - 0x00007ff843c1e000 	C:\windows\SYSTEM32\SspiCli.dll
0x00007ff846c70000 - 0x00007ff846cc4000 	C:\windows\system32\SHLWAPI.dll
0x00007ff844cc0000 - 0x00007ff844e37000 	C:\windows\system32\USER32.dll
0x00007ff844e40000 - 0x00007ff844fd4000 	C:\windows\system32\ole32.dll
0x00007ff845240000 - 0x00007ff846758000 	C:\windows\system32\SHELL32.dll
0x00007ff8433c0000 - 0x00007ff8433e1000 	C:\windows\SYSTEM32\USERENV.dll
0x00007ff844350000 - 0x00007ff8443fa000 	C:\windows\system32\ADVAPI32.dll
0x00007ff83b740000 - 0x00007ff83b75e000 	C:\windows\SYSTEM32\MPR.dll
0x00007ff846830000 - 0x00007ff846971000 	C:\windows\system32\RPCRT4.dll
0x00007ff8444f0000 - 0x00007ff844549000 	C:\windows\SYSTEM32\sechost.dll
0x00007ff844a20000 - 0x00007ff844c31000 	C:\windows\SYSTEM32\combase.dll
0x00007ff844730000 - 0x00007ff844881000 	C:\windows\system32\GDI32.dll
0x00007ff843e20000 - 0x00007ff843e35000 	C:\windows\SYSTEM32\profapi.dll
0x00007ff842620000 - 0x00007ff8426d2000 	C:\windows\SYSTEM32\SHCORE.dll
0x00007ff8449e0000 - 0x00007ff844a16000 	C:\windows\system32\IMM32.DLL
0x00007ff846980000 - 0x00007ff846ad1000 	C:\windows\system32\MSCTF.dll
0x00007ff83fb50000 - 0x00007ff83fdcb000 	C:\windows\WinSxS\amd64_microsoft.windows.common-controls_6595b64144ccf1df_6.0.9600.17415_none_6240486fecbd8abb\COMCTL32.dll
0x0000000055bb0000 - 0x0000000055c82000 	D:\Program Files\Java\jre1.8\bin\msvcr100.dll
0x0000000055d30000 - 0x0000000056588000 	D:\Program Files\Java\jre1.8\bin\server\jvm.dll
0x00007ff8315d0000 - 0x00007ff8315d9000 	C:\windows\SYSTEM32\WSOCK32.dll
0x00007ff83b760000 - 0x00007ff83b782000 	C:\windows\SYSTEM32\WINMM.dll
0x00007ff844460000 - 0x00007ff844467000 	C:\windows\system32\PSAPI.DLL
0x00007ff844400000 - 0x00007ff84445a000 	C:\windows\system32\WS2_32.dll
0x00007ff83b7a0000 - 0x00007ff83b7ca000 	C:\windows\SYSTEM32\WINMMBASE.dll
0x00007ff844cb0000 - 0x00007ff844cb9000 	C:\windows\system32\NSI.dll
0x00007ff843ef0000 - 0x00007ff843f3f000 	C:\windows\SYSTEM32\cfgmgr32.dll
0x00007ff842c40000 - 0x00007ff842c68000 	C:\windows\SYSTEM32\DEVOBJ.dll
0x0000000055d20000 - 0x0000000055d2f000 	D:\Program Files\Java\jre1.8\bin\verify.dll
0x0000000055cf0000 - 0x0000000055d18000 	D:\Program Files\Java\jre1.8\bin\java.dll
0x0000000055cd0000 - 0x0000000055ce6000 	D:\Program Files\Java\jre1.8\bin\zip.dll
0x00007ff826820000 - 0x00007ff8269aa000 	C:\windows\SYSTEM32\dbghelp.dll

VM Arguments:
jvm_args: -Dfile.encoding=GBK 
java_command: dsknn.NaiveMain
java_class_path (initial): E:\JavaWorkSpace\dsknn\bin
Launcher Type: SUN_STANDARD

Environment Variables:
PATH=D:/Program Files/Java/jre1.8/bin/server;D:/Program Files/Java/jre1.8/bin;D:/Program Files/Java/jre1.8/lib/amd64;C:\Python27\ArcGIS10.2\;C:\ProgramData\Oracle\Java\javapath;C:\Program Files (x86)\Intel\iCLS Client\;C:\Program Files\Intel\iCLS Client\;C:\windows\system32;C:\windows;C:\windows\System32\Wbem;C:\windows\System32\WindowsPowerShell\v1.0\;C:\Program Files\Intel\Intel(R) Management Engine Components\DAL;C:\Program Files\Intel\Intel(R) Management Engine Components\IPT;C:\Program Files (x86)\Intel\Intel(R) Management Engine Components\DAL;C:\Program Files (x86)\Intel\Intel(R) Management Engine Components\IPT;C:\Program Files (x86)\MiKTeX 2.9\miktex\bin\;C:\CTEX\UserData\miktex\bin;C:\CTEX\MiKTeX\miktex\bin;C:\CTEX\CTeX\ctex\bin;C:\CTEX\CTeX\cct\bin;C:\CTEX\CTeX\ty\bin;C:\CTEX\Ghostscript\gs9.00\bin;C:\CTEX\GSview\gsview;C:\CTEX\WinEdt;C:\Program Files (x86)\nodejs\;C:\Program Files (x86)\MySQL\MySQL Fabric 1.5.3 & MySQL Utilities 1.5.3 1.5\;C:\Program Files (x86)\MySQL\MySQL Fabric 1.5.3 & MySQL Utilities 1.5.3 1.5\Doctrine extensions for PHP\;C:\Ruby193\bin;D:\Program Files\Java\jdk1.8.0_20\bin;C:\Program Files\PostgreSQL\9.3\bin;C:\Users\JackLong\AppData\Roaming\npm;D:\program-files\eclipse;
USERNAME=JackLong
OS=Windows_NT
PROCESSOR_IDENTIFIER=Intel64 Family 6 Model 69 Stepping 1, GenuineIntel



---------------  S Y S T E M  ---------------

OS: Windows 8.1 , 64 bit Build 9600 

CPU:total 4 (2 cores per cpu, 2 threads per core) family 6 model 69 stepping 1, cmov, cx8, fxsr, mmx, sse, sse2, sse3, ssse3, sse4.1, sse4.2, popcnt, avx, avx2, aes, clmul, erms, lzcnt, ht, tsc, tscinvbit, bmi1, bmi2

Memory: 4k page, physical 4100104k(877836k free), swap 4100104k(4948k free)

vm_info: Java HotSpot(TM) 64-Bit Server VM (25.20-b23) for windows-amd64 JRE (1.8.0_20-b26), built on Jul 30 2014 13:51:23 by "java_re" with MS VC++ 10.0 (VS2010)

time: Tue Mar 24 12:28:44 2015
elapsed time: 5 seconds (0d 0h 0m 5s)

