#
# There is insufficient memory for the Java Runtime Environment to continue.
# Native memory allocation (malloc) failed to allocate 159744 bytes for Chunk::new
# Possible reasons:
#   The system is out of physical RAM or swap space
#   In 32 bit mode, the process size limit was hit
# Possible solutions:
#   Reduce memory load on the system
#   Increase physical memory or swap space
#   Check if swap backing store is full
#   Use 64 bit Java on a 64 bit OS
#   Decrease Java heap size (-Xmx/-Xms)
#   Decrease number of Java threads
#   Decrease Java thread stack sizes (-Xss)
#   Set larger code cache with -XX:ReservedCodeCacheSize=
# This output file may be truncated or incomplete.
#
#  Out of Memory Error (allocation.cpp:390), pid=5792, tid=32
#
# JRE version: Java(TM) SE Runtime Environment (8.0_20-b26) (build 1.8.0_20-b26)
# Java VM: Java HotSpot(TM) 64-Bit Server VM (25.20-b23 mixed mode windows-amd64 compressed oops)
# Failed to write core dump. Minidumps are not enabled by default on client versions of Windows
#

---------------  T H R E A D  ---------------

Current thread (0x000000001577c000):  JavaThread "C2 CompilerThread0" daemon [_thread_in_native, id=32, stack(0x00000000170e0000,0x00000000171e0000)]

Stack: [0x00000000170e0000,0x00000000171e0000]
Native frames: (J=compiled Java code, j=interpreted, Vv=VM code, C=native code)
V  [jvm.dll+0x3152fa]
V  [jvm.dll+0x265d03]
V  [jvm.dll+0x266943]
V  [jvm.dll+0x25e265]
V  [jvm.dll+0xbe255]
V  [jvm.dll+0xbe6fc]
V  [jvm.dll+0x49d728]
V  [jvm.dll+0x451045]
V  [jvm.dll+0x452634]
V  [jvm.dll+0x435fc2]
V  [jvm.dll+0x97b62]
V  [jvm.dll+0x98353]
V  [jvm.dll+0x22aac4]
V  [jvm.dll+0x283f5a]
C  [msvcr100.dll+0x21d9f]
C  [msvcr100.dll+0x21e3b]
C  [KERNEL32.DLL+0x13d2]
C  [ntdll.dll+0x6e954]


Current CompileTask:
C2:   2654  333       4       dsknn.Intersect::calIntersect (836 bytes)


---------------  P R O C E S S  ---------------

Java Threads: ( => current thread )
  0x0000000016b4e800 JavaThread "Service Thread" daemon [_thread_blocked, id=9732, stack(0x00000000173e0000,0x00000000174e0000)]
  0x0000000015795800 JavaThread "C1 CompilerThread2" daemon [_thread_blocked, id=1204, stack(0x00000000172e0000,0x00000000173e0000)]
  0x0000000015791000 JavaThread "C2 CompilerThread1" daemon [_thread_in_native, id=5452, stack(0x00000000171e0000,0x00000000172e0000)]
=>0x000000001577c000 JavaThread "C2 CompilerThread0" daemon [_thread_in_native, id=32, stack(0x00000000170e0000,0x00000000171e0000)]
  0x000000001577b000 JavaThread "Attach Listener" daemon [_thread_blocked, id=8864, stack(0x0000000016fe0000,0x00000000170e0000)]
  0x0000000015767800 JavaThread "Signal Dispatcher" daemon [_thread_blocked, id=8212, stack(0x0000000016ee0000,0x0000000016fe0000)]
  0x0000000003162000 JavaThread "Finalizer" daemon [_thread_blocked, id=9432, stack(0x00000000169e0000,0x0000000016ae0000)]
  0x0000000003158800 JavaThread "Reference Handler" daemon [_thread_blocked, id=5152, stack(0x00000000168e0000,0x00000000169e0000)]
  0x0000000003070800 JavaThread "main" [_thread_in_Java, id=9424, stack(0x0000000002e70000,0x0000000002f70000)]

Other Threads:
  0x0000000015735800 VMThread [stack: 0x00000000167e0000,0x00000000168e0000] [id=10056]
  0x0000000016b61000 WatcherThread [stack: 0x00000000174e0000,0x00000000175e0000] [id=9980]

VM state:not at safepoint (normal execution)

VM Mutex/Monitor currently owned by a thread: None

Heap:
 PSYoungGen      total 102400K, used 27607K [0x00000000eb200000, 0x00000000f2000000, 0x0000000100000000)
  eden space 93184K, 22% used [0x00000000eb200000,0x00000000ec615530,0x00000000f0d00000)
  from space 9216K, 76% used [0x00000000f1600000,0x00000000f1ce08d8,0x00000000f1f00000)
  to   space 9216K, 0% used [0x00000000f0d00000,0x00000000f0d00000,0x00000000f1600000)
 ParOldGen       total 40448K, used 20100K [0x00000000c1600000, 0x00000000c3d80000, 0x00000000eb200000)
  object space 40448K, 49% used [0x00000000c1600000,0x00000000c29a12b0,0x00000000c3d80000)
 Metaspace       used 2953K, capacity 4632K, committed 4864K, reserved 1056768K
  class space    used 296K, capacity 392K, committed 512K, reserved 1048576K

Card table byte_map: [0x0000000012530000,0x0000000012730000] byte_map_base: 0x0000000011f25000

Marking Bits: (ParMarkBitMap*) 0x00000000708bb460
 Begin Bits: [0x0000000012c80000, 0x0000000013c28000)
 End Bits:   [0x0000000013c28000, 0x0000000014bd0000)

Polling page: 0x0000000001240000

CodeCache: size=245760Kb used=2699Kb max_used=2713Kb free=243060Kb
 bounds [0x0000000003170000, 0x0000000003420000, 0x0000000012170000]
 total_blobs=585 nmethods=332 adapters=167
 compilation: enabled

Compilation events (10 events):
Event: 2.237 Thread 0x0000000015795800  329       3       java.util.Arrays::rangeCheck (74 bytes)
Event: 2.237 Thread 0x0000000015795800 nmethod 329 0x00000000033a1150 code [0x00000000033a13a0, 0x00000000033a2028]
Event: 2.378 Thread 0x0000000015791000  330       4       java.io.FileInputStream::read (8 bytes)
Event: 2.378 Thread 0x0000000015791000 nmethod 330 0x00000000033b6a90 code [0x00000000033b6be0, 0x00000000033b6c68]
Event: 2.383 Thread 0x000000001577c000  331       4       java.nio.HeapByteBuffer::compact (52 bytes)
Event: 2.385 Thread 0x000000001577c000 nmethod 331 0x00000000033b6690 code [0x00000000033b67e0, 0x00000000033b6958]
Event: 2.396 Thread 0x0000000015791000  332       4       sun.misc.FloatingDecimal$BinaryToASCIIBuffer::getChars (502 bytes)
Event: 2.413 Thread 0x0000000015791000 nmethod 332 0x00000000033b7010 code [0x00000000033b71a0, 0x00000000033b7d38]
Event: 2.561 Thread 0x000000001577c000  333       4       dsknn.Intersect::calIntersect (836 bytes)
Event: 2.562 Thread 0x0000000015791000  334       4       dsknn.Intersect::getExtPtOuter (222 bytes)

GC Heap History (10 events):
Event: 2.102 GC heap before
{Heap before GC invocations=19 (full 2):
 PSYoungGen      total 102400K, used 7053K [0x00000000eb200000, 0x00000000f2000000, 0x0000000100000000)
  eden space 93184K, 0% used [0x00000000eb200000,0x00000000eb200000,0x00000000f0d00000)
  from space 9216K, 76% used [0x00000000f0d00000,0x00000000f13e35d8,0x00000000f1600000)
  to   space 9216K, 0% used [0x00000000f1600000,0x00000000f1600000,0x00000000f1f00000)
 ParOldGen       total 38400K, used 32475K [0x00000000c1600000, 0x00000000c3b80000, 0x00000000eb200000)
  object space 38400K, 84% used [0x00000000c1600000,0x00000000c35b6f08,0x00000000c3b80000)
 Metaspace       used 2953K, capacity 4632K, committed 4864K, reserved 1056768K
  class space    used 296K, capacity 392K, committed 512K, reserved 1048576K
Event: 2.127 GC heap after
Heap after GC invocations=19 (full 2):
 PSYoungGen      total 102400K, used 0K [0x00000000eb200000, 0x00000000f2000000, 0x0000000100000000)
  eden space 93184K, 0% used [0x00000000eb200000,0x00000000eb200000,0x00000000f0d00000)
  from space 9216K, 0% used [0x00000000f0d00000,0x00000000f0d00000,0x00000000f1600000)
  to   space 9216K, 0% used [0x00000000f1600000,0x00000000f1600000,0x00000000f1f00000)
 ParOldGen       total 40448K, used 5662K [0x00000000c1600000, 0x00000000c3d80000, 0x00000000eb200000)
  object space 40448K, 14% used [0x00000000c1600000,0x00000000c1b87b80,0x00000000c3d80000)
 Metaspace       used 2953K, capacity 4632K, committed 4864K, reserved 1056768K
  class space    used 296K, capacity 392K, committed 512K, reserved 1048576K
}
Event: 2.209 GC heap before
{Heap before GC invocations=20 (full 2):
 PSYoungGen      total 102400K, used 93184K [0x00000000eb200000, 0x00000000f2000000, 0x0000000100000000)
  eden space 93184K, 100% used [0x00000000eb200000,0x00000000f0d00000,0x00000000f0d00000)
  from space 9216K, 0% used [0x00000000f0d00000,0x00000000f0d00000,0x00000000f1600000)
  to   space 9216K, 0% used [0x00000000f1600000,0x00000000f1600000,0x00000000f1f00000)
 ParOldGen       total 40448K, used 5662K [0x00000000c1600000, 0x00000000c3d80000, 0x00000000eb200000)
  object space 40448K, 14% used [0x00000000c1600000,0x00000000c1b87b80,0x00000000c3d80000)
 Metaspace       used 2953K, capacity 4632K, committed 4864K, reserved 1056768K
  class space    used 296K, capacity 392K, committed 512K, reserved 1048576K
Event: 2.217 GC heap after
Heap after GC invocations=20 (full 2):
 PSYoungGen      total 102400K, used 5943K [0x00000000eb200000, 0x00000000f2000000, 0x0000000100000000)
  eden space 93184K, 0% used [0x00000000eb200000,0x00000000eb200000,0x00000000f0d00000)
  from space 9216K, 64% used [0x00000000f1600000,0x00000000f1bcdc70,0x00000000f1f00000)
  to   space 9216K, 0% used [0x00000000f0d00000,0x00000000f0d00000,0x00000000f1600000)
 ParOldGen       total 40448K, used 5662K [0x00000000c1600000, 0x00000000c3d80000, 0x00000000eb200000)
  object space 40448K, 14% used [0x00000000c1600000,0x00000000c1b87b80,0x00000000c3d80000)
 Metaspace       used 2953K, capacity 4632K, committed 4864K, reserved 1056768K
  class space    used 296K, capacity 392K, committed 512K, reserved 1048576K
}
Event: 2.317 GC heap before
{Heap before GC invocations=21 (full 2):
 PSYoungGen      total 102400K, used 99127K [0x00000000eb200000, 0x00000000f2000000, 0x0000000100000000)
  eden space 93184K, 100% used [0x00000000eb200000,0x00000000f0d00000,0x00000000f0d00000)
  from space 9216K, 64% used [0x00000000f1600000,0x00000000f1bcdc70,0x00000000f1f00000)
  to   space 9216K, 0% used [0x00000000f0d00000,0x00000000f0d00000,0x00000000f1600000)
 ParOldGen       total 40448K, used 5662K [0x00000000c1600000, 0x00000000c3d80000, 0x00000000eb200000)
  object space 40448K, 14% used [0x00000000c1600000,0x00000000c1b87b80,0x00000000c3d80000)
 Metaspace       used 2953K, capacity 4632K, committed 4864K, reserved 1056768K
  class space    used 296K, capacity 392K, committed 512K, reserved 1048576K
Event: 2.331 GC heap after
Heap after GC invocations=21 (full 2):
 PSYoungGen      total 102400K, used 6977K [0x00000000eb200000, 0x00000000f2000000, 0x0000000100000000)
  eden space 93184K, 0% used [0x00000000eb200000,0x00000000eb200000,0x00000000f0d00000)
  from space 9216K, 75% used [0x00000000f0d00000,0x00000000f13d0730,0x00000000f1600000)
  to   space 9216K, 0% used [0x00000000f1600000,0x00000000f1600000,0x00000000f1f00000)
 ParOldGen       total 40448K, used 11598K [0x00000000c1600000, 0x00000000c3d80000, 0x00000000eb200000)
  object space 40448K, 28% used [0x00000000c1600000,0x00000000c21538f8,0x00000000c3d80000)
 Metaspace       used 2953K, capacity 4632K, committed 4864K, reserved 1056768K
  class space    used 296K, capacity 392K, committed 512K, reserved 1048576K
}
Event: 2.422 GC heap before
{Heap before GC invocations=22 (full 2):
 PSYoungGen      total 102400K, used 100161K [0x00000000eb200000, 0x00000000f2000000, 0x0000000100000000)
  eden space 93184K, 100% used [0x00000000eb200000,0x00000000f0d00000,0x00000000f0d00000)
  from space 9216K, 75% used [0x00000000f0d00000,0x00000000f13d0730,0x00000000f1600000)
  to   space 9216K, 0% used [0x00000000f1600000,0x00000000f1600000,0x00000000f1f00000)
 ParOldGen       total 40448K, used 11598K [0x00000000c1600000, 0x00000000c3d80000, 0x00000000eb200000)
  object space 40448K, 28% used [0x00000000c1600000,0x00000000c21538f8,0x00000000c3d80000)
 Metaspace       used 2953K, capacity 4632K, committed 4864K, reserved 1056768K
  class space    used 296K, capacity 392K, committed 512K, reserved 1048576K
Event: 2.425 GC heap after
Heap after GC invocations=22 (full 2):
 PSYoungGen      total 102400K, used 2336K [0x00000000eb200000, 0x00000000f2000000, 0x0000000100000000)
  eden space 93184K, 0% used [0x00000000eb200000,0x00000000eb200000,0x00000000f0d00000)
  from space 9216K, 25% used [0x00000000f1600000,0x00000000f1848000,0x00000000f1f00000)
  to   space 9216K, 0% used [0x00000000f0d00000,0x00000000f0d00000,0x00000000f1600000)
 ParOldGen       total 40448K, used 11868K [0x00000000c1600000, 0x00000000c3d80000, 0x00000000eb200000)
  object space 40448K, 29% used [0x00000000c1600000,0x00000000c21972f8,0x00000000c3d80000)
 Metaspace       used 2953K, capacity 4632K, committed 4864K, reserved 1056768K
  class space    used 296K, capacity 392K, committed 512K, reserved 1048576K
}
Event: 2.508 GC heap before
{Heap before GC invocations=23 (full 2):
 PSYoungGen      total 102400K, used 95520K [0x00000000eb200000, 0x00000000f2000000, 0x0000000100000000)
  eden space 93184K, 100% used [0x00000000eb200000,0x00000000f0d00000,0x00000000f0d00000)
  from space 9216K, 25% used [0x00000000f1600000,0x00000000f1848000,0x00000000f1f00000)
  to   space 9216K, 0% used [0x00000000f0d00000,0x00000000f0d00000,0x00000000f1600000)
 ParOldGen       total 40448K, used 11868K [0x00000000c1600000, 0x00000000c3d80000, 0x00000000eb200000)
  object space 40448K, 29% used [0x00000000c1600000,0x00000000c21972f8,0x00000000c3d80000)
 Metaspace       used 2953K, capacity 4632K, committed 4864K, reserved 1056768K
  class space    used 296K, capacity 392K, committed 512K, reserved 1048576K
Event: 2.518 GC heap after
Heap after GC invocations=23 (full 2):
 PSYoungGen      total 102400K, used 5983K [0x00000000eb200000, 0x00000000f2000000, 0x0000000100000000)
  eden space 93184K, 0% used [0x00000000eb200000,0x00000000eb200000,0x00000000f0d00000)
  from space 9216K, 64% used [0x00000000f0d00000,0x00000000f12d7d90,0x00000000f1600000)
  to   space 9216K, 0% used [0x00000000f1600000,0x00000000f1600000,0x00000000f1f00000)
 ParOldGen       total 40448K, used 14185K [0x00000000c1600000, 0x00000000c3d80000, 0x00000000eb200000)
  object space 40448K, 35% used [0x00000000c1600000,0x00000000c23da660,0x00000000c3d80000)
 Metaspace       used 2953K, capacity 4632K, committed 4864K, reserved 1056768K
  class space    used 296K, capacity 392K, committed 512K, reserved 1048576K
}

Deoptimization events (5 events):
Event: 0.223 Thread 0x0000000003070800 Uncommon trap: reason=array_check action=maybe_recompile pc=0x00000000032d2830 method=java.util.AbstractCollection.toArray([Ljava/lang/Object;)[Ljava/lang/Object; @ 119
Event: 0.223 Thread 0x0000000003070800 Uncommon trap: reason=array_check action=maybe_recompile pc=0x00000000032d2830 method=java.util.AbstractCollection.toArray([Ljava/lang/Object;)[Ljava/lang/Object; @ 119
Event: 0.223 Thread 0x0000000003070800 Uncommon trap: reason=array_check action=maybe_recompile pc=0x00000000032d2830 method=java.util.AbstractCollection.toArray([Ljava/lang/Object;)[Ljava/lang/Object; @ 119
Event: 0.223 Thread 0x0000000003070800 Uncommon trap: reason=array_check action=maybe_recompile pc=0x00000000032d2830 method=java.util.AbstractCollection.toArray([Ljava/lang/Object;)[Ljava/lang/Object; @ 119
Event: 0.580 Thread 0x0000000003070800 Uncommon trap: reason=unreached action=reinterpret pc=0x00000000032e9dc4 method=dsknn.World.<init>()V @ 298

Internal exceptions (10 events):
Event: 0.102 Thread 0x0000000003070800 Exception <a 'java/security/PrivilegedActionException'> (0x00000000eb302ac0) thrown at [D:\re\workspace\8-2-build-windows-amd64-cygwin\jdk8u20\1074\hotspot\src\share\vm\prims\jvm.cpp, line 1275]
Event: 0.103 Thread 0x0000000003070800 Exception <a 'java/security/PrivilegedActionException'> (0x00000000eb306068) thrown at [D:\re\workspace\8-2-build-windows-amd64-cygwin\jdk8u20\1074\hotspot\src\share\vm\prims\jvm.cpp, line 1275]
Event: 0.109 Thread 0x0000000003070800 Exception <a 'java/security/PrivilegedActionException'> (0x00000000eb47a498) thrown at [D:\re\workspace\8-2-build-windows-amd64-cygwin\jdk8u20\1074\hotspot\src\share\vm\prims\jvm.cpp, line 1275]
Event: 0.582 Thread 0x0000000003070800 Exception <a 'java/security/PrivilegedActionException'> (0x00000000ef07ecf8) thrown at [D:\re\workspace\8-2-build-windows-amd64-cygwin\jdk8u20\1074\hotspot\src\share\vm\prims\jvm.cpp, line 1275]
Event: 0.597 Thread 0x0000000003070800 Exception <a 'java/security/PrivilegedActionException'> (0x00000000ef0882e0) thrown at [D:\re\workspace\8-2-build-windows-amd64-cygwin\jdk8u20\1074\hotspot\src\share\vm\prims\jvm.cpp, line 1275]
Event: 0.601 Thread 0x0000000003070800 Exception <a 'java/security/PrivilegedActionException'> (0x00000000ef08b6e8) thrown at [D:\re\workspace\8-2-build-windows-amd64-cygwin\jdk8u20\1074\hotspot\src\share\vm\prims\jvm.cpp, line 1275]
Event: 0.603 Thread 0x0000000003070800 Exception <a 'java/security/PrivilegedActionException'> (0x00000000ef0933f0) thrown at [D:\re\workspace\8-2-build-windows-amd64-cygwin\jdk8u20\1074\hotspot\src\share\vm\prims\jvm.cpp, line 1275]
Event: 0.609 Thread 0x0000000003070800 Exception <a 'java/security/PrivilegedActionException'> (0x00000000ef0a6218) thrown at [D:\re\workspace\8-2-build-windows-amd64-cygwin\jdk8u20\1074\hotspot\src\share\vm\prims\jvm.cpp, line 1275]
Event: 0.637 Thread 0x0000000003070800 Exception <a 'java/security/PrivilegedActionException'> (0x00000000ef11de18) thrown at [D:\re\workspace\8-2-build-windows-amd64-cygwin\jdk8u20\1074\hotspot\src\share\vm\prims\jvm.cpp, line 1275]
Event: 0.639 Thread 0x0000000003070800 Exception <a 'java/security/PrivilegedActionException'> (0x00000000ef1207a8) thrown at [D:\re\workspace\8-2-build-windows-amd64-cygwin\jdk8u20\1074\hotspot\src\share\vm\prims\jvm.cpp, line 1275]

Events (10 events):
Event: 2.087 Executing VM operation: ParallelGCFailedAllocation
Event: 2.127 Executing VM operation: ParallelGCFailedAllocation done
Event: 2.209 Executing VM operation: ParallelGCFailedAllocation
Event: 2.217 Executing VM operation: ParallelGCFailedAllocation done
Event: 2.317 Executing VM operation: ParallelGCFailedAllocation
Event: 2.331 Executing VM operation: ParallelGCFailedAllocation done
Event: 2.422 Executing VM operation: ParallelGCFailedAllocation
Event: 2.425 Executing VM operation: ParallelGCFailedAllocation done
Event: 2.508 Executing VM operation: ParallelGCFailedAllocation
Event: 2.518 Executing VM operation: ParallelGCFailedAllocation done


Dynamic libraries:
0x00007ff787570000 - 0x00007ff7875a4000 	D:\Program Files\Java\jre1.8\bin\javaw.exe
0x00007fffb1aa0000 - 0x00007fffb1c4c000 	C:\windows\SYSTEM32\ntdll.dll
0x00007fffaf2c0000 - 0x00007fffaf3fe000 	C:\windows\system32\KERNEL32.DLL
0x00007fffaefa0000 - 0x00007fffaf0b5000 	C:\windows\system32\KERNELBASE.dll
0x00007fffad790000 - 0x00007fffad81e000 	C:\windows\system32\apphelp.dll
0x00007fff9aa70000 - 0x00007fff9aac3000 	C:\windows\AppPatch\AppPatch64\AcGenral.DLL
0x00007fffaf720000 - 0x00007fffaf7ca000 	C:\windows\system32\msvcrt.dll
0x00007fffae9c0000 - 0x00007fffae9ee000 	C:\windows\SYSTEM32\SspiCli.dll
0x00007fffaf6c0000 - 0x00007fffaf714000 	C:\windows\system32\SHLWAPI.dll
0x00007fffb1770000 - 0x00007fffb18e7000 	C:\windows\system32\USER32.dll
0x00007fffafdc0000 - 0x00007fffaff54000 	C:\windows\system32\ole32.dll
0x00007fffaff60000 - 0x00007fffb1478000 	C:\windows\system32\SHELL32.dll
0x00007fffae190000 - 0x00007fffae1b1000 	C:\windows\SYSTEM32\USERENV.dll
0x00007fffafcf0000 - 0x00007fffafd9a000 	C:\windows\system32\ADVAPI32.dll
0x00007fffa1870000 - 0x00007fffa188e000 	C:\windows\SYSTEM32\MPR.dll
0x00007fffafb90000 - 0x00007fffafcd1000 	C:\windows\system32\RPCRT4.dll
0x00007fffaf120000 - 0x00007fffaf179000 	C:\windows\SYSTEM32\sechost.dll
0x00007fffb1550000 - 0x00007fffb1761000 	C:\windows\SYSTEM32\combase.dll
0x00007fffaf400000 - 0x00007fffaf551000 	C:\windows\system32\GDI32.dll
0x00007fffaebf0000 - 0x00007fffaec05000 	C:\windows\SYSTEM32\profapi.dll
0x00007fffad160000 - 0x00007fffad212000 	C:\windows\SYSTEM32\SHCORE.dll
0x00007fffaf7d0000 - 0x00007fffaf806000 	C:\windows\system32\IMM32.DLL
0x00007fffaf560000 - 0x00007fffaf6b1000 	C:\windows\system32\MSCTF.dll
0x00007fffacce0000 - 0x00007fffacf5b000 	C:\windows\WinSxS\amd64_microsoft.windows.common-controls_6595b64144ccf1df_6.0.9600.17415_none_6240486fecbd8abb\COMCTL32.dll
0x0000000070aa0000 - 0x0000000070b72000 	D:\Program Files\Java\jre1.8\bin\msvcr100.dll
0x00000000700e0000 - 0x0000000070938000 	D:\Program Files\Java\jre1.8\bin\server\jvm.dll
0x00007fffa2c50000 - 0x00007fffa2c59000 	C:\windows\SYSTEM32\WSOCK32.dll
0x00007fff9af20000 - 0x00007fff9af42000 	C:\windows\SYSTEM32\WINMM.dll
0x00007fffaf2b0000 - 0x00007fffaf2b7000 	C:\windows\system32\PSAPI.DLL
0x00007fffaf250000 - 0x00007fffaf2aa000 	C:\windows\system32\WS2_32.dll
0x00007fff9aef0000 - 0x00007fff9af1a000 	C:\windows\SYSTEM32\WINMMBASE.dll
0x00007fffaf810000 - 0x00007fffaf819000 	C:\windows\system32\NSI.dll
0x00007fffaef50000 - 0x00007fffaef9f000 	C:\windows\SYSTEM32\cfgmgr32.dll
0x00007fffada00000 - 0x00007fffada28000 	C:\windows\SYSTEM32\DEVOBJ.dll
0x0000000070c10000 - 0x0000000070c1f000 	D:\Program Files\Java\jre1.8\bin\verify.dll
0x0000000070be0000 - 0x0000000070c08000 	D:\Program Files\Java\jre1.8\bin\java.dll
0x0000000070bc0000 - 0x0000000070bd6000 	D:\Program Files\Java\jre1.8\bin\zip.dll
0x00007fff92930000 - 0x00007fff92aba000 	C:\windows\SYSTEM32\dbghelp.dll

VM Arguments:
jvm_args: -Dfile.encoding=GBK 
java_command: dsknn.NaiveMain
java_class_path (initial): E:\JavaWorkSpace\dsknn\bin
Launcher Type: SUN_STANDARD

Environment Variables:
PATH=D:/Program Files/Java/jre1.8/bin/server;D:/Program Files/Java/jre1.8/bin;D:/Program Files/Java/jre1.8/lib/amd64;C:\Python27\ArcGIS10.2\;C:\ProgramData\Oracle\Java\javapath;C:\Program Files (x86)\Intel\iCLS Client\;C:\Program Files\Intel\iCLS Client\;C:\windows\system32;C:\windows;C:\windows\System32\Wbem;C:\windows\System32\WindowsPowerShell\v1.0\;C:\Program Files\Intel\Intel(R) Management Engine Components\DAL;C:\Program Files\Intel\Intel(R) Management Engine Components\IPT;C:\Program Files (x86)\Intel\Intel(R) Management Engine Components\DAL;C:\Program Files (x86)\Intel\Intel(R) Management Engine Components\IPT;C:\Program Files (x86)\MiKTeX 2.9\miktex\bin\;C:\CTEX\UserData\miktex\bin;C:\CTEX\MiKTeX\miktex\bin;C:\CTEX\CTeX\ctex\bin;C:\CTEX\CTeX\cct\bin;C:\CTEX\CTeX\ty\bin;C:\CTEX\Ghostscript\gs9.00\bin;C:\CTEX\GSview\gsview;C:\CTEX\WinEdt;C:\Program Files (x86)\nodejs\;C:\Program Files (x86)\MySQL\MySQL Fabric 1.5.3 & MySQL Utilities 1.5.3 1.5\;C:\Program Files (x86)\MySQL\MySQL Fabric 1.5.3 & MySQL Utilities 1.5.3 1.5\Doctrine extensions for PHP\;C:\Ruby193\bin;D:\Program Files\Java\jdk1.8.0_20\bin;C:\Program Files\PostgreSQL\9.3\bin;C:\Users\JackLong\AppData\Roaming\npm;D:\program-files\eclipse;
USERNAME=JackLong
OS=Windows_NT
PROCESSOR_IDENTIFIER=Intel64 Family 6 Model 69 Stepping 1, GenuineIntel



---------------  S Y S T E M  ---------------

OS: Windows 8.1 , 64 bit Build 9600 

CPU:total 4 (2 cores per cpu, 2 threads per core) family 6 model 69 stepping 1, cmov, cx8, fxsr, mmx, sse, sse2, sse3, ssse3, sse4.1, sse4.2, popcnt, avx, avx2, aes, clmul, erms, lzcnt, ht, tsc, tscinvbit, bmi1, bmi2

Memory: 4k page, physical 4100104k(1034132k free), swap 4100104k(5116k free)

vm_info: Java HotSpot(TM) 64-Bit Server VM (25.20-b23) for windows-amd64 JRE (1.8.0_20-b26), built on Jul 30 2014 13:51:23 by "java_re" with MS VC++ 10.0 (VS2010)

time: Thu Mar 26 21:33:52 2015
elapsed time: 2 seconds (0d 0h 0m 2s)

